<?xml version="1.0" encoding="UTF-8"?>
<testsuite xmlns:xsi="http://www.w3.org/2001/XMLSchema-instance" xsi:noNamespaceSchemaLocation="https://maven.apache.org/surefire/maven-surefire-plugin/xsd/surefire-test-report-3.0.xsd" version="3.0" name="com.cairn.ui.WaypointApplicationTests" time="1.52" tests="1" errors="0" skipped="0" failures="0">
  <properties>
    <property name="java.specification.version" value="18"/>
    <property name="sun.jnu.encoding" value="UTF-8"/>
    <property name="java.class.path" value="/Users/robbroadhead/Coding/Waypoint/target/test-classes:/Users/robbroadhead/Coding/Waypoint/target/classes:/Users/robbroadhead/.m2/repository/org/springframework/boot/spring-boot-starter-oauth2-client/3.2.3/spring-boot-starter-oauth2-client-3.2.3.jar:/Users/robbroadhead/.m2/repository/org/springframework/boot/spring-boot-starter/3.2.3/spring-boot-starter-3.2.3.jar:/Users/robbroadhead/.m2/repository/org/springframework/boot/spring-boot/3.2.3/spring-boot-3.2.3.jar:/Users/robbroadhead/.m2/repository/org/springframework/boot/spring-boot-autoconfigure/3.2.3/spring-boot-autoconfigure-3.2.3.jar:/Users/robbroadhead/.m2/repository/org/springframework/boot/spring-boot-starter-logging/3.2.3/spring-boot-starter-logging-3.2.3.jar:/Users/robbroadhead/.m2/repository/ch/qos/logback/logback-classic/1.4.14/logback-classic-1.4.14.jar:/Users/robbroadhead/.m2/repository/ch/qos/logback/logback-core/1.4.14/logback-core-1.4.14.jar:/Users/robbroadhead/.m2/repository/org/apache/logging/log4j/log4j-to-slf4j/2.21.1/log4j-to-slf4j-2.21.1.jar:/Users/robbroadhead/.m2/repository/org/apache/logging/log4j/log4j-api/2.21.1/log4j-api-2.21.1.jar:/Users/robbroadhead/.m2/repository/org/slf4j/jul-to-slf4j/2.0.12/jul-to-slf4j-2.0.12.jar:/Users/robbroadhead/.m2/repository/jakarta/annotation/jakarta.annotation-api/2.1.1/jakarta.annotation-api-2.1.1.jar:/Users/robbroadhead/.m2/repository/org/yaml/snakeyaml/2.2/snakeyaml-2.2.jar:/Users/robbroadhead/.m2/repository/org/springframework/security/spring-security-config/6.2.2/spring-security-config-6.2.2.jar:/Users/robbroadhead/.m2/repository/org/springframework/spring-beans/6.1.4/spring-beans-6.1.4.jar:/Users/robbroadhead/.m2/repository/org/springframework/spring-context/6.1.4/spring-context-6.1.4.jar:/Users/robbroadhead/.m2/repository/org/springframework/security/spring-security-core/6.2.2/spring-security-core-6.2.2.jar:/Users/robbroadhead/.m2/repository/org/springframework/security/spring-security-crypto/6.2.2/spring-security-crypto-6.2.2.jar:/Users/robbroadhead/.m2/repository/org/springframework/spring-expression/6.1.4/spring-expression-6.1.4.jar:/Users/robbroadhead/.m2/repository/io/micrometer/micrometer-observation/1.12.3/micrometer-observation-1.12.3.jar:/Users/robbroadhead/.m2/repository/io/micrometer/micrometer-commons/1.12.3/micrometer-commons-1.12.3.jar:/Users/robbroadhead/.m2/repository/org/springframework/security/spring-security-oauth2-client/6.2.2/spring-security-oauth2-client-6.2.2.jar:/Users/robbroadhead/.m2/repository/org/springframework/security/spring-security-oauth2-core/6.2.2/spring-security-oauth2-core-6.2.2.jar:/Users/robbroadhead/.m2/repository/com/nimbusds/oauth2-oidc-sdk/9.43.3/oauth2-oidc-sdk-9.43.3.jar:/Users/robbroadhead/.m2/repository/com/github/stephenc/jcip/jcip-annotations/1.0-1/jcip-annotations-1.0-1.jar:/Users/robbroadhead/.m2/repository/com/nimbusds/content-type/2.2/content-type-2.2.jar:/Users/robbroadhead/.m2/repository/com/nimbusds/lang-tag/1.7/lang-tag-1.7.jar:/Users/robbroadhead/.m2/repository/org/springframework/security/spring-security-oauth2-jose/6.2.2/spring-security-oauth2-jose-6.2.2.jar:/Users/robbroadhead/.m2/repository/com/nimbusds/nimbus-jose-jwt/9.24.4/nimbus-jose-jwt-9.24.4.jar:/Users/robbroadhead/.m2/repository/org/springframework/boot/spring-boot-starter-security/3.2.3/spring-boot-starter-security-3.2.3.jar:/Users/robbroadhead/.m2/repository/org/springframework/spring-aop/6.1.4/spring-aop-6.1.4.jar:/Users/robbroadhead/.m2/repository/org/springframework/security/spring-security-web/6.2.2/spring-security-web-6.2.2.jar:/Users/robbroadhead/.m2/repository/org/springframework/boot/spring-boot-starter-web/3.2.3/spring-boot-starter-web-3.2.3.jar:/Users/robbroadhead/.m2/repository/org/springframework/boot/spring-boot-starter-json/3.2.3/spring-boot-starter-json-3.2.3.jar:/Users/robbroadhead/.m2/repository/com/fasterxml/jackson/core/jackson-databind/2.15.4/jackson-databind-2.15.4.jar:/Users/robbroadhead/.m2/repository/com/fasterxml/jackson/core/jackson-annotations/2.15.4/jackson-annotations-2.15.4.jar:/Users/robbroadhead/.m2/repository/com/fasterxml/jackson/datatype/jackson-datatype-jdk8/2.15.4/jackson-datatype-jdk8-2.15.4.jar:/Users/robbroadhead/.m2/repository/com/fasterxml/jackson/datatype/jackson-datatype-jsr310/2.15.4/jackson-datatype-jsr310-2.15.4.jar:/Users/robbroadhead/.m2/repository/com/fasterxml/jackson/module/jackson-module-parameter-names/2.15.4/jackson-module-parameter-names-2.15.4.jar:/Users/robbroadhead/.m2/repository/org/springframework/boot/spring-boot-starter-tomcat/3.2.3/spring-boot-starter-tomcat-3.2.3.jar:/Users/robbroadhead/.m2/repository/org/apache/tomcat/embed/tomcat-embed-core/10.1.19/tomcat-embed-core-10.1.19.jar:/Users/robbroadhead/.m2/repository/org/apache/tomcat/embed/tomcat-embed-el/10.1.19/tomcat-embed-el-10.1.19.jar:/Users/robbroadhead/.m2/repository/org/apache/tomcat/embed/tomcat-embed-websocket/10.1.19/tomcat-embed-websocket-10.1.19.jar:/Users/robbroadhead/.m2/repository/org/springframework/spring-web/6.1.4/spring-web-6.1.4.jar:/Users/robbroadhead/.m2/repository/org/springframework/spring-webmvc/6.1.4/spring-webmvc-6.1.4.jar:/Users/robbroadhead/.m2/repository/org/springframework/boot/spring-boot-starter-test/3.2.3/spring-boot-starter-test-3.2.3.jar:/Users/robbroadhead/.m2/repository/org/springframework/boot/spring-boot-test/3.2.3/spring-boot-test-3.2.3.jar:/Users/robbroadhead/.m2/repository/org/springframework/boot/spring-boot-test-autoconfigure/3.2.3/spring-boot-test-autoconfigure-3.2.3.jar:/Users/robbroadhead/.m2/repository/com/jayway/jsonpath/json-path/2.9.0/json-path-2.9.0.jar:/Users/robbroadhead/.m2/repository/jakarta/xml/bind/jakarta.xml.bind-api/4.0.1/jakarta.xml.bind-api-4.0.1.jar:/Users/robbroadhead/.m2/repository/jakarta/activation/jakarta.activation-api/2.1.2/jakarta.activation-api-2.1.2.jar:/Users/robbroadhead/.m2/repository/net/minidev/json-smart/2.5.0/json-smart-2.5.0.jar:/Users/robbroadhead/.m2/repository/net/minidev/accessors-smart/2.5.0/accessors-smart-2.5.0.jar:/Users/robbroadhead/.m2/repository/org/ow2/asm/asm/9.3/asm-9.3.jar:/Users/robbroadhead/.m2/repository/org/assertj/assertj-core/3.24.2/assertj-core-3.24.2.jar:/Users/robbroadhead/.m2/repository/net/bytebuddy/byte-buddy/1.14.12/byte-buddy-1.14.12.jar:/Users/robbroadhead/.m2/repository/org/awaitility/awaitility/4.2.0/awaitility-4.2.0.jar:/Users/robbroadhead/.m2/repository/org/hamcrest/hamcrest/2.2/hamcrest-2.2.jar:/Users/robbroadhead/.m2/repository/org/junit/jupiter/junit-jupiter/5.10.2/junit-jupiter-5.10.2.jar:/Users/robbroadhead/.m2/repository/org/junit/jupiter/junit-jupiter-api/5.10.2/junit-jupiter-api-5.10.2.jar:/Users/robbroadhead/.m2/repository/org/opentest4j/opentest4j/1.3.0/opentest4j-1.3.0.jar:/Users/robbroadhead/.m2/repository/org/junit/platform/junit-platform-commons/1.10.2/junit-platform-commons-1.10.2.jar:/Users/robbroadhead/.m2/repository/org/apiguardian/apiguardian-api/1.1.2/apiguardian-api-1.1.2.jar:/Users/robbroadhead/.m2/repository/org/junit/jupiter/junit-jupiter-params/5.10.2/junit-jupiter-params-5.10.2.jar:/Users/robbroadhead/.m2/repository/org/junit/jupiter/junit-jupiter-engine/5.10.2/junit-jupiter-engine-5.10.2.jar:/Users/robbroadhead/.m2/repository/org/junit/platform/junit-platform-engine/1.10.2/junit-platform-engine-1.10.2.jar:/Users/robbroadhead/.m2/repository/org/mockito/mockito-core/5.7.0/mockito-core-5.7.0.jar:/Users/robbroadhead/.m2/repository/net/bytebuddy/byte-buddy-agent/1.14.12/byte-buddy-agent-1.14.12.jar:/Users/robbroadhead/.m2/repository/org/objenesis/objenesis/3.3/objenesis-3.3.jar:/Users/robbroadhead/.m2/repository/org/mockito/mockito-junit-jupiter/5.7.0/mockito-junit-jupiter-5.7.0.jar:/Users/robbroadhead/.m2/repository/org/skyscreamer/jsonassert/1.5.1/jsonassert-1.5.1.jar:/Users/robbroadhead/.m2/repository/com/vaadin/external/google/android-json/0.0.20131108.vaadin1/android-json-0.0.20131108.vaadin1.jar:/Users/robbroadhead/.m2/repository/org/springframework/spring-core/6.1.4/spring-core-6.1.4.jar:/Users/robbroadhead/.m2/repository/org/springframework/spring-jcl/6.1.4/spring-jcl-6.1.4.jar:/Users/robbroadhead/.m2/repository/org/springframework/spring-test/6.1.4/spring-test-6.1.4.jar:/Users/robbroadhead/.m2/repository/org/xmlunit/xmlunit-core/2.9.1/xmlunit-core-2.9.1.jar:/Users/robbroadhead/.m2/repository/org/springframework/security/spring-security-test/6.2.2/spring-security-test-6.2.2.jar:/Users/robbroadhead/.m2/repository/org/webjars/jquery/3.4.1/jquery-3.4.1.jar:/Users/robbroadhead/.m2/repository/org/webjars/bootstrap/4.3.1/bootstrap-4.3.1.jar:/Users/robbroadhead/.m2/repository/org/webjars/popper.js/1.14.3/popper.js-1.14.3.jar:/Users/robbroadhead/.m2/repository/org/webjars/webjars-locator-core/0.55/webjars-locator-core-0.55.jar:/Users/robbroadhead/.m2/repository/org/slf4j/slf4j-api/2.0.12/slf4j-api-2.0.12.jar:/Users/robbroadhead/.m2/repository/io/github/classgraph/classgraph/4.8.149/classgraph-4.8.149.jar:/Users/robbroadhead/.m2/repository/com/fasterxml/jackson/core/jackson-core/2.15.4/jackson-core-2.15.4.jar:"/>
    <property name="java.vm.vendor" value="Azul Systems, Inc."/>
    <property name="sun.arch.data.model" value="64"/>
    <property name="java.vendor.url" value="http://www.azul.com/"/>
    <property name="user.timezone" value="America/Chicago"/>
    <property name="os.name" value="Mac OS X"/>
    <property name="java.vm.specification.version" value="18"/>
    <property name="sun.java.launcher" value="SUN_STANDARD"/>
    <property name="user.country" value="US"/>
    <property name="sun.boot.library.path" value="/Library/Java/JavaVirtualMachines/zulu-18.jdk/Contents/Home/lib"/>
    <property name="sun.java.command" value="/Users/robbroadhead/Coding/Waypoint/target/surefire/surefirebooter-20240223162217707_3.jar /Users/robbroadhead/Coding/Waypoint/target/surefire 2024-02-23T16-22-17_660-jvmRun1 surefire-20240223162217707_1tmp surefire_0-20240223162217707_2tmp"/>
    <property name="http.nonProxyHosts" value="local|*.local|169.254/16|*.169.254/16"/>
    <property name="jdk.debug" value="release"/>
    <property name="surefire.test.class.path" value="/Users/robbroadhead/Coding/Waypoint/target/test-classes:/Users/robbroadhead/Coding/Waypoint/target/classes:/Users/robbroadhead/.m2/repository/org/springframework/boot/spring-boot-starter-oauth2-client/3.2.3/spring-boot-starter-oauth2-client-3.2.3.jar:/Users/robbroadhead/.m2/repository/org/springframework/boot/spring-boot-starter/3.2.3/spring-boot-starter-3.2.3.jar:/Users/robbroadhead/.m2/repository/org/springframework/boot/spring-boot/3.2.3/spring-boot-3.2.3.jar:/Users/robbroadhead/.m2/repository/org/springframework/boot/spring-boot-autoconfigure/3.2.3/spring-boot-autoconfigure-3.2.3.jar:/Users/robbroadhead/.m2/repository/org/springframework/boot/spring-boot-starter-logging/3.2.3/spring-boot-starter-logging-3.2.3.jar:/Users/robbroadhead/.m2/repository/ch/qos/logback/logback-classic/1.4.14/logback-classic-1.4.14.jar:/Users/robbroadhead/.m2/repository/ch/qos/logback/logback-core/1.4.14/logback-core-1.4.14.jar:/Users/robbroadhead/.m2/repository/org/apache/logging/log4j/log4j-to-slf4j/2.21.1/log4j-to-slf4j-2.21.1.jar:/Users/robbroadhead/.m2/repository/org/apache/logging/log4j/log4j-api/2.21.1/log4j-api-2.21.1.jar:/Users/robbroadhead/.m2/repository/org/slf4j/jul-to-slf4j/2.0.12/jul-to-slf4j-2.0.12.jar:/Users/robbroadhead/.m2/repository/jakarta/annotation/jakarta.annotation-api/2.1.1/jakarta.annotation-api-2.1.1.jar:/Users/robbroadhead/.m2/repository/org/yaml/snakeyaml/2.2/snakeyaml-2.2.jar:/Users/robbroadhead/.m2/repository/org/springframework/security/spring-security-config/6.2.2/spring-security-config-6.2.2.jar:/Users/robbroadhead/.m2/repository/org/springframework/spring-beans/6.1.4/spring-beans-6.1.4.jar:/Users/robbroadhead/.m2/repository/org/springframework/spring-context/6.1.4/spring-context-6.1.4.jar:/Users/robbroadhead/.m2/repository/org/springframework/security/spring-security-core/6.2.2/spring-security-core-6.2.2.jar:/Users/robbroadhead/.m2/repository/org/springframework/security/spring-security-crypto/6.2.2/spring-security-crypto-6.2.2.jar:/Users/robbroadhead/.m2/repository/org/springframework/spring-expression/6.1.4/spring-expression-6.1.4.jar:/Users/robbroadhead/.m2/repository/io/micrometer/micrometer-observation/1.12.3/micrometer-observation-1.12.3.jar:/Users/robbroadhead/.m2/repository/io/micrometer/micrometer-commons/1.12.3/micrometer-commons-1.12.3.jar:/Users/robbroadhead/.m2/repository/org/springframework/security/spring-security-oauth2-client/6.2.2/spring-security-oauth2-client-6.2.2.jar:/Users/robbroadhead/.m2/repository/org/springframework/security/spring-security-oauth2-core/6.2.2/spring-security-oauth2-core-6.2.2.jar:/Users/robbroadhead/.m2/repository/com/nimbusds/oauth2-oidc-sdk/9.43.3/oauth2-oidc-sdk-9.43.3.jar:/Users/robbroadhead/.m2/repository/com/github/stephenc/jcip/jcip-annotations/1.0-1/jcip-annotations-1.0-1.jar:/Users/robbroadhead/.m2/repository/com/nimbusds/content-type/2.2/content-type-2.2.jar:/Users/robbroadhead/.m2/repository/com/nimbusds/lang-tag/1.7/lang-tag-1.7.jar:/Users/robbroadhead/.m2/repository/org/springframework/security/spring-security-oauth2-jose/6.2.2/spring-security-oauth2-jose-6.2.2.jar:/Users/robbroadhead/.m2/repository/com/nimbusds/nimbus-jose-jwt/9.24.4/nimbus-jose-jwt-9.24.4.jar:/Users/robbroadhead/.m2/repository/org/springframework/boot/spring-boot-starter-security/3.2.3/spring-boot-starter-security-3.2.3.jar:/Users/robbroadhead/.m2/repository/org/springframework/spring-aop/6.1.4/spring-aop-6.1.4.jar:/Users/robbroadhead/.m2/repository/org/springframework/security/spring-security-web/6.2.2/spring-security-web-6.2.2.jar:/Users/robbroadhead/.m2/repository/org/springframework/boot/spring-boot-starter-web/3.2.3/spring-boot-starter-web-3.2.3.jar:/Users/robbroadhead/.m2/repository/org/springframework/boot/spring-boot-starter-json/3.2.3/spring-boot-starter-json-3.2.3.jar:/Users/robbroadhead/.m2/repository/com/fasterxml/jackson/core/jackson-databind/2.15.4/jackson-databind-2.15.4.jar:/Users/robbroadhead/.m2/repository/com/fasterxml/jackson/core/jackson-annotations/2.15.4/jackson-annotations-2.15.4.jar:/Users/robbroadhead/.m2/repository/com/fasterxml/jackson/datatype/jackson-datatype-jdk8/2.15.4/jackson-datatype-jdk8-2.15.4.jar:/Users/robbroadhead/.m2/repository/com/fasterxml/jackson/datatype/jackson-datatype-jsr310/2.15.4/jackson-datatype-jsr310-2.15.4.jar:/Users/robbroadhead/.m2/repository/com/fasterxml/jackson/module/jackson-module-parameter-names/2.15.4/jackson-module-parameter-names-2.15.4.jar:/Users/robbroadhead/.m2/repository/org/springframework/boot/spring-boot-starter-tomcat/3.2.3/spring-boot-starter-tomcat-3.2.3.jar:/Users/robbroadhead/.m2/repository/org/apache/tomcat/embed/tomcat-embed-core/10.1.19/tomcat-embed-core-10.1.19.jar:/Users/robbroadhead/.m2/repository/org/apache/tomcat/embed/tomcat-embed-el/10.1.19/tomcat-embed-el-10.1.19.jar:/Users/robbroadhead/.m2/repository/org/apache/tomcat/embed/tomcat-embed-websocket/10.1.19/tomcat-embed-websocket-10.1.19.jar:/Users/robbroadhead/.m2/repository/org/springframework/spring-web/6.1.4/spring-web-6.1.4.jar:/Users/robbroadhead/.m2/repository/org/springframework/spring-webmvc/6.1.4/spring-webmvc-6.1.4.jar:/Users/robbroadhead/.m2/repository/org/springframework/boot/spring-boot-starter-test/3.2.3/spring-boot-starter-test-3.2.3.jar:/Users/robbroadhead/.m2/repository/org/springframework/boot/spring-boot-test/3.2.3/spring-boot-test-3.2.3.jar:/Users/robbroadhead/.m2/repository/org/springframework/boot/spring-boot-test-autoconfigure/3.2.3/spring-boot-test-autoconfigure-3.2.3.jar:/Users/robbroadhead/.m2/repository/com/jayway/jsonpath/json-path/2.9.0/json-path-2.9.0.jar:/Users/robbroadhead/.m2/repository/jakarta/xml/bind/jakarta.xml.bind-api/4.0.1/jakarta.xml.bind-api-4.0.1.jar:/Users/robbroadhead/.m2/repository/jakarta/activation/jakarta.activation-api/2.1.2/jakarta.activation-api-2.1.2.jar:/Users/robbroadhead/.m2/repository/net/minidev/json-smart/2.5.0/json-smart-2.5.0.jar:/Users/robbroadhead/.m2/repository/net/minidev/accessors-smart/2.5.0/accessors-smart-2.5.0.jar:/Users/robbroadhead/.m2/repository/org/ow2/asm/asm/9.3/asm-9.3.jar:/Users/robbroadhead/.m2/repository/org/assertj/assertj-core/3.24.2/assertj-core-3.24.2.jar:/Users/robbroadhead/.m2/repository/net/bytebuddy/byte-buddy/1.14.12/byte-buddy-1.14.12.jar:/Users/robbroadhead/.m2/repository/org/awaitility/awaitility/4.2.0/awaitility-4.2.0.jar:/Users/robbroadhead/.m2/repository/org/hamcrest/hamcrest/2.2/hamcrest-2.2.jar:/Users/robbroadhead/.m2/repository/org/junit/jupiter/junit-jupiter/5.10.2/junit-jupiter-5.10.2.jar:/Users/robbroadhead/.m2/repository/org/junit/jupiter/junit-jupiter-api/5.10.2/junit-jupiter-api-5.10.2.jar:/Users/robbroadhead/.m2/repository/org/opentest4j/opentest4j/1.3.0/opentest4j-1.3.0.jar:/Users/robbroadhead/.m2/repository/org/junit/platform/junit-platform-commons/1.10.2/junit-platform-commons-1.10.2.jar:/Users/robbroadhead/.m2/repository/org/apiguardian/apiguardian-api/1.1.2/apiguardian-api-1.1.2.jar:/Users/robbroadhead/.m2/repository/org/junit/jupiter/junit-jupiter-params/5.10.2/junit-jupiter-params-5.10.2.jar:/Users/robbroadhead/.m2/repository/org/junit/jupiter/junit-jupiter-engine/5.10.2/junit-jupiter-engine-5.10.2.jar:/Users/robbroadhead/.m2/repository/org/junit/platform/junit-platform-engine/1.10.2/junit-platform-engine-1.10.2.jar:/Users/robbroadhead/.m2/repository/org/mockito/mockito-core/5.7.0/mockito-core-5.7.0.jar:/Users/robbroadhead/.m2/repository/net/bytebuddy/byte-buddy-agent/1.14.12/byte-buddy-agent-1.14.12.jar:/Users/robbroadhead/.m2/repository/org/objenesis/objenesis/3.3/objenesis-3.3.jar:/Users/robbroadhead/.m2/repository/org/mockito/mockito-junit-jupiter/5.7.0/mockito-junit-jupiter-5.7.0.jar:/Users/robbroadhead/.m2/repository/org/skyscreamer/jsonassert/1.5.1/jsonassert-1.5.1.jar:/Users/robbroadhead/.m2/repository/com/vaadin/external/google/android-json/0.0.20131108.vaadin1/android-json-0.0.20131108.vaadin1.jar:/Users/robbroadhead/.m2/repository/org/springframework/spring-core/6.1.4/spring-core-6.1.4.jar:/Users/robbroadhead/.m2/repository/org/springframework/spring-jcl/6.1.4/spring-jcl-6.1.4.jar:/Users/robbroadhead/.m2/repository/org/springframework/spring-test/6.1.4/spring-test-6.1.4.jar:/Users/robbroadhead/.m2/repository/org/xmlunit/xmlunit-core/2.9.1/xmlunit-core-2.9.1.jar:/Users/robbroadhead/.m2/repository/org/springframework/security/spring-security-test/6.2.2/spring-security-test-6.2.2.jar:/Users/robbroadhead/.m2/repository/org/webjars/jquery/3.4.1/jquery-3.4.1.jar:/Users/robbroadhead/.m2/repository/org/webjars/bootstrap/4.3.1/bootstrap-4.3.1.jar:/Users/robbroadhead/.m2/repository/org/webjars/popper.js/1.14.3/popper.js-1.14.3.jar:/Users/robbroadhead/.m2/repository/org/webjars/webjars-locator-core/0.55/webjars-locator-core-0.55.jar:/Users/robbroadhead/.m2/repository/org/slf4j/slf4j-api/2.0.12/slf4j-api-2.0.12.jar:/Users/robbroadhead/.m2/repository/io/github/classgraph/classgraph/4.8.149/classgraph-4.8.149.jar:/Users/robbroadhead/.m2/repository/com/fasterxml/jackson/core/jackson-core/2.15.4/jackson-core-2.15.4.jar:"/>
    <property name="sun.cpu.endian" value="little"/>
    <property name="user.home" value="/Users/robbroadhead"/>
    <property name="user.language" value="en"/>
    <property name="java.specification.vendor" value="Oracle Corporation"/>
    <property name="java.version.date" value="2022-03-22"/>
    <property name="java.home" value="/Library/Java/JavaVirtualMachines/zulu-18.jdk/Contents/Home"/>
    <property name="file.separator" value="/"/>
    <property name="basedir" value="/Users/robbroadhead/Coding/Waypoint"/>
    <property name="style.color" value="always"/>
    <property name="java.vm.compressedOopsMode" value="Zero based"/>
    <property name="line.separator" value="&#10;"/>
    <property name="java.vm.specification.vendor" value="Oracle Corporation"/>
    <property name="java.specification.name" value="Java Platform API Specification"/>
    <property name="FILE_LOG_CHARSET" value="UTF-8"/>
    <property name="java.awt.headless" value="true"/>
    <property name="apple.awt.application.name" value="ForkedBooter"/>
    <property name="surefire.real.class.path" value="/Users/robbroadhead/Coding/Waypoint/target/surefire/surefirebooter-20240223162217707_3.jar"/>
    <property name="sun.management.compiler" value="HotSpot 64-Bit Tiered Compilers"/>
    <property name="ftp.nonProxyHosts" value="local|*.local|169.254/16|*.169.254/16"/>
    <property name="java.runtime.version" value="18+37"/>
    <property name="user.name" value="robbroadhead"/>
    <property name="path.separator" value=":"/>
    <property name="os.version" value="14.2.1"/>
    <property name="java.runtime.name" value="OpenJDK Runtime Environment"/>
    <property name="file.encoding" value="UTF-8"/>
    <property name="java.vm.name" value="OpenJDK 64-Bit Server VM"/>
    <property name="java.vendor.version" value="Zulu18.28+13-CA"/>
    <property name="localRepository" value="/Users/robbroadhead/.m2/repository"/>
    <property name="java.vendor.url.bug" value="http://www.azul.com/support/"/>
    <property name="java.io.tmpdir" value="/var/folders/ls/95svhvy14dg_jyncdtnq4f3h0000gn/T/"/>
    <property name="java.version" value="18"/>
    <property name="user.dir" value="/Users/robbroadhead/Coding/Waypoint"/>
    <property name="os.arch" value="aarch64"/>
    <property name="java.vm.specification.name" value="Java Virtual Machine Specification"/>
    <property name="PID" value="4223"/>
    <property name="CONSOLE_LOG_CHARSET" value="UTF-8"/>
    <property name="native.encoding" value="UTF-8"/>
    <property name="java.library.path" value="/Users/robbroadhead/Library/Java/Extensions:/Library/Java/Extensions:/Network/Library/Java/Extensions:/System/Library/Java/Extensions:/usr/lib/java:."/>
    <property name="java.vm.info" value="mixed mode, sharing"/>
    <property name="java.vendor" value="Azul Systems, Inc."/>
    <property name="java.vm.version" value="18+37"/>
    <property name="sun.io.unicode.encoding" value="UnicodeBig"/>
    <property name="socksNonProxyHosts" value="local|*.local|169.254/16|*.169.254/16"/>
    <property name="java.class.version" value="62.0"/>
  </properties>
  <testcase name="contextLoads" classname="com.cairn.ui.WaypointApplicationTests" time="0.414">
    <system-out><![CDATA[16:22:18.050 [main] INFO org.springframework.test.context.support.AnnotationConfigContextLoaderUtils -- Could not detect default configuration classes for test class [com.cairn.ui.WaypointApplicationTests]: WaypointApplicationTests does not declare any static, non-private, non-final, nested classes annotated with @Configuration.
16:22:18.102 [main] INFO org.springframework.boot.test.context.SpringBootTestContextBootstrapper -- Found @SpringBootConfiguration com.cairn.ui.WaypointApplication for test class com.cairn.ui.WaypointApplicationTests

  .   ____          _            __ _ _
 /\\ / ___'_ __ _ _(_)_ __  __ _ \ \ \ \
( ( )\___ | '_ | '_| | '_ \/ _` | \ \ \ \
 \\/  ___)| |_)| | | | | || (_| |  ) ) ) )
  '  |____| .__|_| |_|_| |_\__, | / / / /
 =========|_|==============|___/=/_/_/_/
 :: Spring Boot ::                (v3.2.3)

2024-02-23T16:22:18.291-06:00  INFO 4223 --- [           main] com.cairn.ui.WaypointApplicationTests    : Starting WaypointApplicationTests using Java 18 with PID 4223 (started by robbroadhead in /Users/robbroadhead/Coding/Waypoint)
2024-02-23T16:22:18.291-06:00  INFO 4223 --- [           main] com.cairn.ui.WaypointApplicationTests    : No active profile set, falling back to 1 default profile: "default"
2024-02-23T16:22:18.699-06:00  INFO 4223 --- [           main] o.s.b.a.w.s.WelcomePageHandlerMapping    : Adding welcome page: class path resource [static/index.html]
2024-02-23T16:22:18.964-06:00  INFO 4223 --- [           main] o.s.s.web.DefaultSecurityFilterChain     : Will secure any request with [org.springframework.security.web.session.DisableEncodeUrlFilter@40ef0af8, org.springframework.security.web.context.request.async.WebAsyncManagerIntegrationFilter@36790bec, org.springframework.security.web.context.SecurityContextHolderFilter@481558ce, org.springframework.security.web.header.HeaderWriterFilter@6411504a, org.springframework.web.filter.CorsFilter@461c3709, org.springframework.security.web.csrf.CsrfFilter@8bd076a, org.springframework.security.web.authentication.logout.LogoutFilter@33e434c8, org.springframework.security.oauth2.client.web.OAuth2AuthorizationRequestRedirectFilter@25f61c2c, org.springframework.security.oauth2.client.web.OAuth2LoginAuthenticationFilter@2d2b6960, org.springframework.security.web.authentication.ui.DefaultLoginPageGeneratingFilter@474179fa, org.springframework.security.web.authentication.ui.DefaultLogoutPageGeneratingFilter@7e3d7dd, org.springframework.security.web.savedrequest.RequestCacheAwareFilter@7f353a0f, org.springframework.security.web.servletapi.SecurityContextHolderAwareRequestFilter@7ea2412c, org.springframework.security.web.authentication.AnonymousAuthenticationFilter@3f63a513, org.springframework.security.web.access.ExceptionTranslationFilter@2091833, org.springframework.security.web.access.intercept.AuthorizationFilter@7f287b98]
2024-02-23T16:22:19.070-06:00  INFO 4223 --- [           main] com.cairn.ui.WaypointApplicationTests    : Started WaypointApplicationTests in 0.914 seconds (process running for 1.318)
]]></system-out>
  </testcase>
</testsuite>